build/app/intermediates/manifest_merge_blame_file/debug/processDebugMainManifest/manifest-merger-blame-debug-report.txt
1<?xml version="1.0" encoding="utf-8"?>
2<manifest xmlns:android="http://schemas.android.com/apk/res/android"
3    package="com.example.navic_ss"
4    android:versionCode="1"
5    android:versionName="1.0.0" >
6
7    <uses-sdk
8        android:minSdkVersion="24"
9        android:targetSdkVersion="36" />
10    <!--
11         The INTERNET permission is required for development. Specifically,
12         the Flutter tool needs it to communicate with the running application
13         to allow setting breakpoints, to provide hot reload, etc.
14    -->
15    <uses-permission android:name="android.permission.INTERNET" />
15-->src/main/AndroidManifest.xml:6:5-67
15-->src/main/AndroidManifest.xml:6:22-64
16    <uses-permission android:name="android.permission.ACCESS_FINE_LOCATION" />
16-->src/main/AndroidManifest.xml:7:5-79
16-->src/main/AndroidManifest.xml:7:22-76
17    <uses-permission android:name="android.permission.ACCESS_COARSE_LOCATION" />
17-->src/main/AndroidManifest.xml:8:5-81
17-->src/main/AndroidManifest.xml:8:22-78
18    <uses-permission android:name="android.permission.ACCESS_BACKGROUND_LOCATION" />
18-->src/main/AndroidManifest.xml:9:5-85
18-->src/main/AndroidManifest.xml:9:22-82
19    <uses-permission android:name="android.permission.SEND_SMS" />
19-->src/main/AndroidManifest.xml:10:5-67
19-->src/main/AndroidManifest.xml:10:22-64
20    <uses-permission android:name="android.permission.CALL_PHONE" />
20-->src/main/AndroidManifest.xml:11:5-69
20-->src/main/AndroidManifest.xml:11:22-66
21    <uses-permission android:name="android.permission.ACCESS_NETWORK_STATE" /> <!-- Storage permissions -->
21-->src/main/AndroidManifest.xml:12:5-79
21-->src/main/AndroidManifest.xml:12:22-76
22    <uses-permission
22-->src/main/AndroidManifest.xml:15:5-16:38
23        android:name="android.permission.READ_EXTERNAL_STORAGE"
23-->src/main/AndroidManifest.xml:15:22-77
24        android:maxSdkVersion="32" />
24-->src/main/AndroidManifest.xml:16:9-35
25    <uses-permission
25-->src/main/AndroidManifest.xml:17:5-18:38
26        android:name="android.permission.WRITE_EXTERNAL_STORAGE"
26-->src/main/AndroidManifest.xml:17:22-78
27        android:maxSdkVersion="32" /> <!-- For Android 13+ -->
27-->src/main/AndroidManifest.xml:18:9-35
28    <uses-permission android:name="android.permission.READ_MEDIA_IMAGES" />
28-->src/main/AndroidManifest.xml:21:5-76
28-->src/main/AndroidManifest.xml:21:22-73
29    <uses-permission android:name="android.permission.READ_MEDIA_VIDEO" />
29-->src/main/AndroidManifest.xml:22:5-75
29-->src/main/AndroidManifest.xml:22:22-72
30    <uses-permission android:name="android.permission.READ_MEDIA_AUDIO" /> <!-- For Android 13+ notifications -->
30-->src/main/AndroidManifest.xml:23:5-75
30-->src/main/AndroidManifest.xml:23:22-72
31    <uses-permission android:name="android.permission.POST_NOTIFICATIONS" />
31-->src/main/AndroidManifest.xml:26:5-77
31-->src/main/AndroidManifest.xml:26:22-74
32
33    <uses-feature
33-->src/main/AndroidManifest.xml:28:5-91
34        android:name="android.hardware.location.gps"
34-->src/main/AndroidManifest.xml:28:19-63
35        android:required="false" />
35-->src/main/AndroidManifest.xml:28:64-88
36    <uses-feature
36-->src/main/AndroidManifest.xml:29:5-95
37        android:name="android.hardware.location.network"
37-->src/main/AndroidManifest.xml:29:19-67
38        android:required="false" />
38-->src/main/AndroidManifest.xml:29:68-92
39
40    <permission
40-->[androidx.core:core:1.17.0] AndroidManifest.xml:22:5-24:47
41        android:name="com.example.navic_ss.DYNAMIC_RECEIVER_NOT_EXPORTED_PERMISSION"
41-->[androidx.core:core:1.17.0] AndroidManifest.xml:23:9-81
42        android:protectionLevel="signature" />
42-->[androidx.core:core:1.17.0] AndroidManifest.xml:24:9-44
43
44    <uses-permission android:name="com.example.navic_ss.DYNAMIC_RECEIVER_NOT_EXPORTED_PERMISSION" />
44-->[androidx.core:core:1.17.0] AndroidManifest.xml:26:5-97
44-->[androidx.core:core:1.17.0] AndroidManifest.xml:26:22-94
45
46    <application
47        android:name="android.app.Application"
48        android:allowBackup="true"
49        android:appComponentFactory="androidx.core.app.CoreComponentFactory"
49-->[androidx.core:core:1.17.0] AndroidManifest.xml:28:18-86
50        android:debuggable="true"
51        android:extractNativeLibs="false"
52        android:icon="@mipmap/launcher_icon"
53        android:label="NavIC "
54        android:supportsRtl="true"
55        android:theme="@style/LaunchTheme" >
56        <activity
57            android:name="com.example.navic.MainActivity"
58            android:configChanges="orientation|keyboardHidden|keyboard|screenSize|smallestScreenSize|locale|layoutDirection|fontScale|screenLayout|density|uiMode"
59            android:exported="true"
60            android:hardwareAccelerated="true"
61            android:launchMode="singleTop"
62            android:theme="@style/LaunchTheme"
63            android:windowSoftInputMode="adjustResize" >
64            <intent-filter>
65                <action android:name="android.intent.action.MAIN" />
66
67                <category android:name="android.intent.category.LAUNCHER" />
68            </intent-filter>
69        </activity>
70
71        <!-- For v2 embedding, use Flutter's default engine -->
72        <meta-data
73            android:name="flutterEmbedding"
74            android:value="2" />
75
76        <!-- Only include if you have a custom LocationService -->
77        <service
78            android:name="com.example.navic.LocationService"
79            android:exported="false"
80            android:foregroundServiceType="location" />
81
82        <!--
83           Declares a provider which allows us to store files to share in
84           '.../caches/share_plus' and grant the receiving action access
85        -->
86        <provider
86-->[:share_plus] AndroidManifest.xml:13:9-21:20
87            android:name="dev.fluttercommunity.plus.share.ShareFileProvider"
87-->[:share_plus] AndroidManifest.xml:14:13-77
88            android:authorities="com.example.navic_ss.flutter.share_provider"
88-->[:share_plus] AndroidManifest.xml:15:13-74
89            android:exported="false"
89-->[:share_plus] AndroidManifest.xml:16:13-37
90            android:grantUriPermissions="true" >
90-->[:share_plus] AndroidManifest.xml:17:13-47
91            <meta-data
91-->[:share_plus] AndroidManifest.xml:18:13-20:68
92                android:name="android.support.FILE_PROVIDER_PATHS"
92-->[:share_plus] AndroidManifest.xml:19:17-67
93                android:resource="@xml/flutter_share_file_paths" />
93-->[:share_plus] AndroidManifest.xml:20:17-65
94        </provider>
95        <!--
96           This manifest declared broadcast receiver allows us to use an explicit
97           Intent when creating a PendingItent to be informed of the user's choice
98        -->
99        <receiver
99-->[:share_plus] AndroidManifest.xml:26:9-32:20
100            android:name="dev.fluttercommunity.plus.share.SharePlusPendingIntent"
100-->[:share_plus] AndroidManifest.xml:27:13-82
101            android:exported="false" >
101-->[:share_plus] AndroidManifest.xml:28:13-37
102            <intent-filter>
102-->[:share_plus] AndroidManifest.xml:29:13-31:29
103                <action android:name="EXTRA_CHOSEN_COMPONENT" />
103-->[:share_plus] AndroidManifest.xml:30:17-65
103-->[:share_plus] AndroidManifest.xml:30:25-62
104            </intent-filter>
105        </receiver>
106
107        <service
107-->[:geolocator_android] AndroidManifest.xml:8:9-12:56
108            android:name="com.baseflow.geolocator.GeolocatorLocationService"
108-->[:geolocator_android] AndroidManifest.xml:9:13-77
109            android:enabled="true"
109-->[:geolocator_android] AndroidManifest.xml:10:13-35
110            android:exported="false"
110-->[:geolocator_android] AndroidManifest.xml:11:13-37
111            android:foregroundServiceType="location" />
111-->[:geolocator_android] AndroidManifest.xml:12:13-53
112
113        <activity
113-->[:url_launcher_android] AndroidManifest.xml:8:9-11:74
114            android:name="io.flutter.plugins.urllauncher.WebViewActivity"
114-->[:url_launcher_android] AndroidManifest.xml:9:13-74
115            android:exported="false"
115-->[:url_launcher_android] AndroidManifest.xml:10:13-37
116            android:theme="@android:style/Theme.NoTitleBar.Fullscreen" />
116-->[:url_launcher_android] AndroidManifest.xml:11:13-71
117
118        <uses-library
118-->[androidx.window:window:1.2.0] AndroidManifest.xml:23:9-25:40
119            android:name="androidx.window.extensions"
119-->[androidx.window:window:1.2.0] AndroidManifest.xml:24:13-54
120            android:required="false" />
120-->[androidx.window:window:1.2.0] AndroidManifest.xml:25:13-37
121        <uses-library
121-->[androidx.window:window:1.2.0] AndroidManifest.xml:26:9-28:40
122            android:name="androidx.window.sidecar"
122-->[androidx.window:window:1.2.0] AndroidManifest.xml:27:13-51
123            android:required="false" />
123-->[androidx.window:window:1.2.0] AndroidManifest.xml:28:13-37
124
125        <activity
125-->[com.google.android.gms:play-services-base:18.3.0] AndroidManifest.xml:20:9-22:45
126            android:name="com.google.android.gms.common.api.GoogleApiActivity"
126-->[com.google.android.gms:play-services-base:18.3.0] AndroidManifest.xml:20:19-85
127            android:exported="false"
127-->[com.google.android.gms:play-services-base:18.3.0] AndroidManifest.xml:22:19-43
128            android:theme="@android:style/Theme.Translucent.NoTitleBar" />
128-->[com.google.android.gms:play-services-base:18.3.0] AndroidManifest.xml:21:19-78
129
130        <meta-data
130-->[com.google.android.gms:play-services-basement:18.3.0] AndroidManifest.xml:21:9-23:69
131            android:name="com.google.android.gms.version"
131-->[com.google.android.gms:play-services-basement:18.3.0] AndroidManifest.xml:22:13-58
132            android:value="@integer/google_play_services_version" />
132-->[com.google.android.gms:play-services-basement:18.3.0] AndroidManifest.xml:23:13-66
133
134        <provider
134-->[androidx.lifecycle:lifecycle-process:2.7.0] AndroidManifest.xml:24:9-32:20
135            android:name="androidx.startup.InitializationProvider"
135-->[androidx.lifecycle:lifecycle-process:2.7.0] AndroidManifest.xml:25:13-67
136            android:authorities="com.example.navic_ss.androidx-startup"
136-->[androidx.lifecycle:lifecycle-process:2.7.0] AndroidManifest.xml:26:13-68
137            android:exported="false" >
137-->[androidx.lifecycle:lifecycle-process:2.7.0] AndroidManifest.xml:27:13-37
138            <meta-data
138-->[androidx.lifecycle:lifecycle-process:2.7.0] AndroidManifest.xml:29:13-31:52
139                android:name="androidx.lifecycle.ProcessLifecycleInitializer"
139-->[androidx.lifecycle:lifecycle-process:2.7.0] AndroidManifest.xml:30:17-78
140                android:value="androidx.startup" />
140-->[androidx.lifecycle:lifecycle-process:2.7.0] AndroidManifest.xml:31:17-49
141            <meta-data
141-->[androidx.profileinstaller:profileinstaller:1.3.1] AndroidManifest.xml:29:13-31:52
142                android:name="androidx.profileinstaller.ProfileInstallerInitializer"
142-->[androidx.profileinstaller:profileinstaller:1.3.1] AndroidManifest.xml:30:17-85
143                android:value="androidx.startup" />
143-->[androidx.profileinstaller:profileinstaller:1.3.1] AndroidManifest.xml:31:17-49
144        </provider>
145
146        <receiver
146-->[androidx.profileinstaller:profileinstaller:1.3.1] AndroidManifest.xml:34:9-52:20
147            android:name="androidx.profileinstaller.ProfileInstallReceiver"
147-->[androidx.profileinstaller:profileinstaller:1.3.1] AndroidManifest.xml:35:13-76
148            android:directBootAware="false"
148-->[androidx.profileinstaller:profileinstaller:1.3.1] AndroidManifest.xml:36:13-44
149            android:enabled="true"
149-->[androidx.profileinstaller:profileinstaller:1.3.1] AndroidManifest.xml:37:13-35
150            android:exported="true"
150-->[androidx.profileinstaller:profileinstaller:1.3.1] AndroidManifest.xml:38:13-36
151            android:permission="android.permission.DUMP" >
151-->[androidx.profileinstaller:profileinstaller:1.3.1] AndroidManifest.xml:39:13-57
152            <intent-filter>
152-->[androidx.profileinstaller:profileinstaller:1.3.1] AndroidManifest.xml:40:13-42:29
153                <action android:name="androidx.profileinstaller.action.INSTALL_PROFILE" />
153-->[androidx.profileinstaller:profileinstaller:1.3.1] AndroidManifest.xml:41:17-91
153-->[androidx.profileinstaller:profileinstaller:1.3.1] AndroidManifest.xml:41:25-88
154            </intent-filter>
155            <intent-filter>
155-->[androidx.profileinstaller:profileinstaller:1.3.1] AndroidManifest.xml:43:13-45:29
156                <action android:name="androidx.profileinstaller.action.SKIP_FILE" />
156-->[androidx.profileinstaller:profileinstaller:1.3.1] AndroidManifest.xml:44:17-85
156-->[androidx.profileinstaller:profileinstaller:1.3.1] AndroidManifest.xml:44:25-82
157            </intent-filter>
158            <intent-filter>
158-->[androidx.profileinstaller:profileinstaller:1.3.1] AndroidManifest.xml:46:13-48:29
159                <action android:name="androidx.profileinstaller.action.SAVE_PROFILE" />
159-->[androidx.profileinstaller:profileinstaller:1.3.1] AndroidManifest.xml:47:17-88
159-->[androidx.profileinstaller:profileinstaller:1.3.1] AndroidManifest.xml:47:25-85
160            </intent-filter>
161            <intent-filter>
161-->[androidx.profileinstaller:profileinstaller:1.3.1] AndroidManifest.xml:49:13-51:29
162                <action android:name="androidx.profileinstaller.action.BENCHMARK_OPERATION" />
162-->[androidx.profileinstaller:profileinstaller:1.3.1] AndroidManifest.xml:50:17-95
162-->[androidx.profileinstaller:profileinstaller:1.3.1] AndroidManifest.xml:50:25-92
163            </intent-filter>
164        </receiver>
165    </application>
166
167</manifest>